<?xml version="1.0" encoding="UTF-8"?>
<testsuite xmlns:xsi="http://www.w3.org/2001/XMLSchema-instance" xsi:noNamespaceSchemaLocation="https://maven.apache.org/surefire/maven-surefire-plugin/xsd/surefire-test-report-3.0.xsd" version="3.0" name="com.twilio.raas.sql.CalciteKuduEnumerableTest" time="0.015" tests="2" errors="0" skipped="0" failures="0">
  <properties>
    <property name="java.specification.version" value="13"/>
    <property name="sun.jnu.encoding" value="UTF-8"/>
    <property name="java.class.path" value="/Users/sbala/Documents/KangarooJack-new/data-engine-sql/target/test-classes:/Users/sbala/Documents/KangarooJack-new/data-engine-sql/target/classes:/Users/sbala/Documents/KangarooJack-new/data-engine-protocol/target/data-engine-protocol.jar:/Users/sbala/.m2/repository/com/fasterxml/jackson/core/jackson-annotations/2.9.10/jackson-annotations-2.9.10.jar:/Users/sbala/.m2/repository/io/swagger/swagger-annotations/1.5.12/swagger-annotations-1.5.12.jar:/Users/sbala/.m2/repository/com/twilio/coreutil-sids/9.5.44/coreutil-sids-9.5.44.jar:/Users/sbala/.m2/repository/javax/xml/bind/jaxb-api/2.3.1/jaxb-api-2.3.1.jar:/Users/sbala/.m2/repository/javax/activation/javax.activation-api/1.2.0/javax.activation-api-1.2.0.jar:/Users/sbala/.m2/repository/com/twilio/coreutil-errors/9.5.44/coreutil-errors-9.5.44.jar:/Users/sbala/.m2/repository/org/apache/avro/avro/1.7.7/avro-1.7.7.jar:/Users/sbala/.m2/repository/org/codehaus/jackson/jackson-core-asl/1.9.13/jackson-core-asl-1.9.13.jar:/Users/sbala/.m2/repository/org/codehaus/jackson/jackson-mapper-asl/1.9.13/jackson-mapper-asl-1.9.13.jar:/Users/sbala/.m2/repository/com/thoughtworks/paranamer/paranamer/2.8/paranamer-2.8.jar:/Users/sbala/.m2/repository/org/apache/commons/commons-compress/1.4.1/commons-compress-1.4.1.jar:/Users/sbala/.m2/repository/org/tukaani/xz/1.0/xz-1.0.jar:/Users/sbala/.m2/repository/org/freemarker/freemarker/2.3.28/freemarker-2.3.28.jar:/Users/sbala/.m2/repository/org/apache/kudu/kudu-client/1.11.1-twilio-1.0.5/kudu-client-1.11.1-twilio-1.0.5.jar:/Users/sbala/.m2/repository/com/stumbleupon/async/1.4.1/async-1.4.1.jar:/Users/sbala/.m2/repository/org/apache/calcite/calcite-core/1.23.0/calcite-core-1.23.0.jar:/Users/sbala/.m2/repository/org/apache/calcite/calcite-linq4j/1.23.0/calcite-linq4j-1.23.0.jar:/Users/sbala/.m2/repository/org/apache/calcite/avatica/avatica-core/1.16.0/avatica-core-1.16.0.jar:/Users/sbala/.m2/repository/org/apache/calcite/avatica/avatica-metrics/1.16.0/avatica-metrics-1.16.0.jar:/Users/sbala/.m2/repository/com/google/protobuf/protobuf-java/3.6.1/protobuf-java-3.6.1.jar:/Users/sbala/.m2/repository/org/apache/httpcomponents/httpclient/4.5.10/httpclient-4.5.10.jar:/Users/sbala/.m2/repository/org/apache/httpcomponents/httpcore/4.4.3/httpcore-4.4.3.jar:/Users/sbala/.m2/repository/org/apiguardian/apiguardian-api/1.1.0/apiguardian-api-1.1.0.jar:/Users/sbala/.m2/repository/com/esri/geometry/esri-geometry-api/2.2.0/esri-geometry-api-2.2.0.jar:/Users/sbala/.m2/repository/com/fasterxml/jackson/core/jackson-core/2.9.10/jackson-core-2.9.10.jar:/Users/sbala/.m2/repository/com/fasterxml/jackson/core/jackson-databind/2.9.10.2/jackson-databind-2.9.10.2.jar:/Users/sbala/.m2/repository/com/fasterxml/jackson/dataformat/jackson-dataformat-yaml/2.9.10/jackson-dataformat-yaml-2.9.10.jar:/Users/sbala/.m2/repository/org/yaml/snakeyaml/1.23/snakeyaml-1.23.jar:/Users/sbala/.m2/repository/com/google/code/findbugs/jsr305/3.0.2/jsr305-3.0.2.jar:/Users/sbala/.m2/repository/com/google/guava/guava/24.0-jre/guava-24.0-jre.jar:/Users/sbala/.m2/repository/org/checkerframework/checker-compat-qual/2.0.0/checker-compat-qual-2.0.0.jar:/Users/sbala/.m2/repository/com/google/errorprone/error_prone_annotations/2.1.3/error_prone_annotations-2.1.3.jar:/Users/sbala/.m2/repository/com/google/j2objc/j2objc-annotations/1.1/j2objc-annotations-1.1.jar:/Users/sbala/.m2/repository/org/codehaus/mojo/animal-sniffer-annotations/1.14/animal-sniffer-annotations-1.14.jar:/Users/sbala/.m2/repository/com/jayway/jsonpath/json-path/2.2.0/json-path-2.2.0.jar:/Users/sbala/.m2/repository/net/minidev/json-smart/2.3/json-smart-2.3.jar:/Users/sbala/.m2/repository/net/minidev/accessors-smart/1.2/accessors-smart-1.2.jar:/Users/sbala/.m2/repository/org/ow2/asm/asm/5.0.4/asm-5.0.4.jar:/Users/sbala/.m2/repository/com/yahoo/datasketches/sketches-core/0.9.0/sketches-core-0.9.0.jar:/Users/sbala/.m2/repository/com/yahoo/datasketches/memory/0.9.0/memory-0.9.0.jar:/Users/sbala/.m2/repository/commons-codec/commons-codec/1.8/commons-codec-1.8.jar:/Users/sbala/.m2/repository/net/hydromatic/aggdesigner-algorithm/6.0/aggdesigner-algorithm-6.0.jar:/Users/sbala/.m2/repository/commons-lang/commons-lang/2.6/commons-lang-2.6.jar:/Users/sbala/.m2/repository/commons-logging/commons-logging/1.2/commons-logging-1.2.jar:/Users/sbala/.m2/repository/org/apache/commons/commons-dbcp2/2.6.0/commons-dbcp2-2.6.0.jar:/Users/sbala/.m2/repository/org/apache/commons/commons-pool2/2.6.1/commons-pool2-2.6.1.jar:/Users/sbala/.m2/repository/org/apache/commons/commons-lang3/3.8.1/commons-lang3-3.8.1.jar:/Users/sbala/.m2/repository/commons-io/commons-io/2.6/commons-io-2.6.jar:/Users/sbala/.m2/repository/org/codehaus/janino/commons-compiler/3.0.11/commons-compiler-3.0.11.jar:/Users/sbala/.m2/repository/org/codehaus/janino/janino/3.0.11/janino-3.0.11.jar:/Users/sbala/.m2/repository/io/dropwizard/metrics/metrics-core/4.0.5/metrics-core-4.0.5.jar:/Users/sbala/.m2/repository/com/twilio/kudu/dataset/1.23.5/dataset-1.23.5.jar:/Users/sbala/.m2/repository/com/hotels/jasvorno/1.1.2/jasvorno-1.1.2.jar:/Users/sbala/.m2/repository/junit/junit/4.13/junit-4.13.jar:/Users/sbala/.m2/repository/org/hamcrest/hamcrest-core/1.3/hamcrest-core-1.3.jar:/Users/sbala/.m2/repository/org/apache/kudu/kudu-test-utils/1.11.1-twilio-1.0.5/kudu-test-utils-1.11.1-twilio-1.0.5.jar:/Users/sbala/.m2/repository/org/hamcrest/hamcrest/2.1/hamcrest-2.1.jar:/Users/sbala/.m2/repository/org/apache/kudu/kudu-binary/1.11.1/kudu-binary-1.11.1-osx-x86_64.jar:/Users/sbala/.m2/repository/org/slf4j/slf4j-api/1.7.26/slf4j-api-1.7.26.jar:/Users/sbala/.m2/repository/org/slf4j/slf4j-log4j12/1.7.21/slf4j-log4j12-1.7.21.jar:/Users/sbala/.m2/repository/log4j/log4j/1.2.17/log4j-1.2.17.jar:"/>
    <property name="java.vm.vendor" value="Oracle Corporation"/>
    <property name="sun.arch.data.model" value="64"/>
    <property name="java.vendor.url" value="https://openjdk.java.net/"/>
    <property name="os.name" value="Mac OS X"/>
    <property name="java.vm.specification.version" value="13"/>
    <property name="sun.java.launcher" value="SUN_STANDARD"/>
    <property name="user.country" value="US"/>
    <property name="sun.boot.library.path" value="/usr/local/Cellar/openjdk/13.0.2+8_2/libexec/openjdk.jdk/Contents/Home/lib"/>
    <property name="sun.java.command" value="/Users/sbala/Documents/KangarooJack-new/data-engine-sql/target/surefire/surefirebooter13409747666611823795.jar /Users/sbala/Documents/KangarooJack-new/data-engine-sql/target/surefire 2020-06-12T17-56-46_008-jvmRun1 surefire11675340347757399094tmp surefire_113999078773665189997tmp"/>
    <property name="http.nonProxyHosts" value="local|*.local|169.254/16|*.169.254/16"/>
    <property name="jdk.debug" value="release"/>
    <property name="surefire.test.class.path" value="/Users/sbala/Documents/KangarooJack-new/data-engine-sql/target/test-classes:/Users/sbala/Documents/KangarooJack-new/data-engine-sql/target/classes:/Users/sbala/Documents/KangarooJack-new/data-engine-protocol/target/data-engine-protocol.jar:/Users/sbala/.m2/repository/com/fasterxml/jackson/core/jackson-annotations/2.9.10/jackson-annotations-2.9.10.jar:/Users/sbala/.m2/repository/io/swagger/swagger-annotations/1.5.12/swagger-annotations-1.5.12.jar:/Users/sbala/.m2/repository/com/twilio/coreutil-sids/9.5.44/coreutil-sids-9.5.44.jar:/Users/sbala/.m2/repository/javax/xml/bind/jaxb-api/2.3.1/jaxb-api-2.3.1.jar:/Users/sbala/.m2/repository/javax/activation/javax.activation-api/1.2.0/javax.activation-api-1.2.0.jar:/Users/sbala/.m2/repository/com/twilio/coreutil-errors/9.5.44/coreutil-errors-9.5.44.jar:/Users/sbala/.m2/repository/org/apache/avro/avro/1.7.7/avro-1.7.7.jar:/Users/sbala/.m2/repository/org/codehaus/jackson/jackson-core-asl/1.9.13/jackson-core-asl-1.9.13.jar:/Users/sbala/.m2/repository/org/codehaus/jackson/jackson-mapper-asl/1.9.13/jackson-mapper-asl-1.9.13.jar:/Users/sbala/.m2/repository/com/thoughtworks/paranamer/paranamer/2.8/paranamer-2.8.jar:/Users/sbala/.m2/repository/org/apache/commons/commons-compress/1.4.1/commons-compress-1.4.1.jar:/Users/sbala/.m2/repository/org/tukaani/xz/1.0/xz-1.0.jar:/Users/sbala/.m2/repository/org/freemarker/freemarker/2.3.28/freemarker-2.3.28.jar:/Users/sbala/.m2/repository/org/apache/kudu/kudu-client/1.11.1-twilio-1.0.5/kudu-client-1.11.1-twilio-1.0.5.jar:/Users/sbala/.m2/repository/com/stumbleupon/async/1.4.1/async-1.4.1.jar:/Users/sbala/.m2/repository/org/apache/calcite/calcite-core/1.23.0/calcite-core-1.23.0.jar:/Users/sbala/.m2/repository/org/apache/calcite/calcite-linq4j/1.23.0/calcite-linq4j-1.23.0.jar:/Users/sbala/.m2/repository/org/apache/calcite/avatica/avatica-core/1.16.0/avatica-core-1.16.0.jar:/Users/sbala/.m2/repository/org/apache/calcite/avatica/avatica-metrics/1.16.0/avatica-metrics-1.16.0.jar:/Users/sbala/.m2/repository/com/google/protobuf/protobuf-java/3.6.1/protobuf-java-3.6.1.jar:/Users/sbala/.m2/repository/org/apache/httpcomponents/httpclient/4.5.10/httpclient-4.5.10.jar:/Users/sbala/.m2/repository/org/apache/httpcomponents/httpcore/4.4.3/httpcore-4.4.3.jar:/Users/sbala/.m2/repository/org/apiguardian/apiguardian-api/1.1.0/apiguardian-api-1.1.0.jar:/Users/sbala/.m2/repository/com/esri/geometry/esri-geometry-api/2.2.0/esri-geometry-api-2.2.0.jar:/Users/sbala/.m2/repository/com/fasterxml/jackson/core/jackson-core/2.9.10/jackson-core-2.9.10.jar:/Users/sbala/.m2/repository/com/fasterxml/jackson/core/jackson-databind/2.9.10.2/jackson-databind-2.9.10.2.jar:/Users/sbala/.m2/repository/com/fasterxml/jackson/dataformat/jackson-dataformat-yaml/2.9.10/jackson-dataformat-yaml-2.9.10.jar:/Users/sbala/.m2/repository/org/yaml/snakeyaml/1.23/snakeyaml-1.23.jar:/Users/sbala/.m2/repository/com/google/code/findbugs/jsr305/3.0.2/jsr305-3.0.2.jar:/Users/sbala/.m2/repository/com/google/guava/guava/24.0-jre/guava-24.0-jre.jar:/Users/sbala/.m2/repository/org/checkerframework/checker-compat-qual/2.0.0/checker-compat-qual-2.0.0.jar:/Users/sbala/.m2/repository/com/google/errorprone/error_prone_annotations/2.1.3/error_prone_annotations-2.1.3.jar:/Users/sbala/.m2/repository/com/google/j2objc/j2objc-annotations/1.1/j2objc-annotations-1.1.jar:/Users/sbala/.m2/repository/org/codehaus/mojo/animal-sniffer-annotations/1.14/animal-sniffer-annotations-1.14.jar:/Users/sbala/.m2/repository/com/jayway/jsonpath/json-path/2.2.0/json-path-2.2.0.jar:/Users/sbala/.m2/repository/net/minidev/json-smart/2.3/json-smart-2.3.jar:/Users/sbala/.m2/repository/net/minidev/accessors-smart/1.2/accessors-smart-1.2.jar:/Users/sbala/.m2/repository/org/ow2/asm/asm/5.0.4/asm-5.0.4.jar:/Users/sbala/.m2/repository/com/yahoo/datasketches/sketches-core/0.9.0/sketches-core-0.9.0.jar:/Users/sbala/.m2/repository/com/yahoo/datasketches/memory/0.9.0/memory-0.9.0.jar:/Users/sbala/.m2/repository/commons-codec/commons-codec/1.8/commons-codec-1.8.jar:/Users/sbala/.m2/repository/net/hydromatic/aggdesigner-algorithm/6.0/aggdesigner-algorithm-6.0.jar:/Users/sbala/.m2/repository/commons-lang/commons-lang/2.6/commons-lang-2.6.jar:/Users/sbala/.m2/repository/commons-logging/commons-logging/1.2/commons-logging-1.2.jar:/Users/sbala/.m2/repository/org/apache/commons/commons-dbcp2/2.6.0/commons-dbcp2-2.6.0.jar:/Users/sbala/.m2/repository/org/apache/commons/commons-pool2/2.6.1/commons-pool2-2.6.1.jar:/Users/sbala/.m2/repository/org/apache/commons/commons-lang3/3.8.1/commons-lang3-3.8.1.jar:/Users/sbala/.m2/repository/commons-io/commons-io/2.6/commons-io-2.6.jar:/Users/sbala/.m2/repository/org/codehaus/janino/commons-compiler/3.0.11/commons-compiler-3.0.11.jar:/Users/sbala/.m2/repository/org/codehaus/janino/janino/3.0.11/janino-3.0.11.jar:/Users/sbala/.m2/repository/io/dropwizard/metrics/metrics-core/4.0.5/metrics-core-4.0.5.jar:/Users/sbala/.m2/repository/com/twilio/kudu/dataset/1.23.5/dataset-1.23.5.jar:/Users/sbala/.m2/repository/com/hotels/jasvorno/1.1.2/jasvorno-1.1.2.jar:/Users/sbala/.m2/repository/junit/junit/4.13/junit-4.13.jar:/Users/sbala/.m2/repository/org/hamcrest/hamcrest-core/1.3/hamcrest-core-1.3.jar:/Users/sbala/.m2/repository/org/apache/kudu/kudu-test-utils/1.11.1-twilio-1.0.5/kudu-test-utils-1.11.1-twilio-1.0.5.jar:/Users/sbala/.m2/repository/org/hamcrest/hamcrest/2.1/hamcrest-2.1.jar:/Users/sbala/.m2/repository/org/apache/kudu/kudu-binary/1.11.1/kudu-binary-1.11.1-osx-x86_64.jar:/Users/sbala/.m2/repository/org/slf4j/slf4j-api/1.7.26/slf4j-api-1.7.26.jar:/Users/sbala/.m2/repository/org/slf4j/slf4j-log4j12/1.7.21/slf4j-log4j12-1.7.21.jar:/Users/sbala/.m2/repository/log4j/log4j/1.2.17/log4j-1.2.17.jar:"/>
    <property name="sun.cpu.endian" value="little"/>
    <property name="user.home" value="/Users/sbala"/>
    <property name="user.language" value="en"/>
    <property name="java.specification.vendor" value="Oracle Corporation"/>
    <property name="java.version.date" value="2020-01-14"/>
    <property name="java.home" value="/usr/local/Cellar/openjdk/13.0.2+8_2/libexec/openjdk.jdk/Contents/Home"/>
    <property name="file.separator" value="/"/>
    <property name="basedir" value="/Users/sbala/Documents/KangarooJack-new/data-engine-sql"/>
    <property name="java.vm.compressedOopsMode" value="Zero based"/>
    <property name="line.separator" value="&#10;"/>
    <property name="java.specification.name" value="Java Platform API Specification"/>
    <property name="java.vm.specification.vendor" value="Oracle Corporation"/>
    <property name="java.awt.headless" value="true"/>
    <property name="surefire.real.class.path" value="/Users/sbala/Documents/KangarooJack-new/data-engine-sql/target/surefire/surefirebooter13409747666611823795.jar"/>
    <property name="sun.management.compiler" value="HotSpot 64-Bit Tiered Compilers"/>
    <property name="ftp.nonProxyHosts" value="local|*.local|169.254/16|*.169.254/16"/>
    <property name="java.runtime.version" value="13.0.2+8"/>
    <property name="user.name" value="sbala"/>
    <property name="path.separator" value=":"/>
    <property name="os.version" value="10.15.3"/>
    <property name="java.runtime.name" value="OpenJDK Runtime Environment"/>
    <property name="file.encoding" value="UTF-8"/>
    <property name="java.vm.name" value="OpenJDK 64-Bit Server VM"/>
    <property name="twilio.realm" value="local"/>
    <property name="localRepository" value="/Users/sbala/.m2/repository"/>
    <property name="java.vendor.url.bug" value="https://bugreport.java.com/bugreport/"/>
    <property name="java.io.tmpdir" value="/var/folders/m5/xml5rx192hsdsrrrxt8gsxt80000gn/T/"/>
    <property name="java.version" value="13.0.2"/>
    <property name="user.dir" value="/Users/sbala/Documents/KangarooJack-new/data-engine-sql"/>
    <property name="os.arch" value="x86_64"/>
    <property name="java.vm.specification.name" value="Java Virtual Machine Specification"/>
    <property name="java.library.path" value="/Users/sbala/Library/Java/Extensions:/Library/Java/Extensions:/Network/Library/Java/Extensions:/System/Library/Java/Extensions:/usr/lib/java:."/>
    <property name="java.vm.info" value="mixed mode, sharing"/>
    <property name="java.vendor" value="N/A"/>
    <property name="java.vm.version" value="13.0.2+8"/>
    <property name="sun.io.unicode.encoding" value="UnicodeBig"/>
    <property name="socksNonProxyHosts" value="local|*.local|169.254/16|*.169.254/16"/>
    <property name="java.class.version" value="57.0"/>
    <property name="jacoco-agent.destfile" value="target/jacoco.exec"/>
  </properties>
  <testcase name="oneResult" classname="com.twilio.raas.sql.CalciteKuduEnumerableTest" time="0.014"/>
  <testcase name="noResults" classname="com.twilio.raas.sql.CalciteKuduEnumerableTest" time="0.001"/>
</testsuite>